2025-12-14 14:50:01, MOVE, v:1, k:poo@zoo, mode:PICK
2025-12-14 14:50:04, EXEC, v:1, k:poo@zoo, mode:LOCK, rate:100
2025-12-14 14:50:08, EXEC, v:1, k:poo@zoo, mode:FREE
2025-12-14 14:53:30, MOVE, v:1, k:poo@zoo, mode:BACK
2025-12-14 15:26:28, MOVE, v:1, k:poo@pagamento, mode:PICK
2025-12-14 15:26:29, EXEC, v:1, k:poo@pagamento, mode:LOCK, rate:0, size:69
2025-12-14 15:32:52, MOVE, v:1, k:poo@pagamento, mode:BACK
2025-12-14 15:33:02, MOVE, v:1, k:poo@zoo, mode:PICK
2025-12-14 15:33:04, EXEC, v:1, k:poo@zoo, mode:LOCK, rate:100
2025-12-14 15:33:28, EXEC, v:1, k:poo@zoo, mode:LOCK, rate:100
2025-12-14 15:33:32, EXEC, v:1, k:poo@zoo, mode:LOCK, rate:0, size:55
2025-12-14 15:33:45, MOVE, v:1, k:poo@zoo, mode:BACK
2025-12-14 21:51:09, MOVE, v:1, k:poo@estacionamento, mode:PICK
2025-12-14 21:51:11, EXEC, v:1, k:poo@estacionamento, mode:FULL, rate:25
2025-12-14 22:03:33, EXEC, v:1, k:poo@estacionamento, mode:FULL, rate:0, size:97
2025-12-14 22:03:48, EXEC, v:1, k:poo@estacionamento, mode:FULL, rate:0, size:97
2025-12-14 22:04:14, EXEC, v:1, k:poo@estacionamento, mode:FULL, rate:0, size:97
2025-12-14 22:04:25, EXEC, v:1, k:poo@estacionamento, mode:FULL, rate:50, size:97
2025-12-14 22:04:50, EXEC, v:1, k:poo@estacionamento, mode:FULL, rate:0, size:97
2025-12-14 22:05:09, EXEC, v:1, k:poo@estacionamento, mode:FULL, rate:75, size:97
2025-12-14 22:15:20, EXEC, v:1, k:poo@estacionamento, mode:FULL, rate:75, size:106
2025-12-14 22:18:01, EXEC, v:1, k:poo@estacionamento, mode:FULL, rate:75, size:106
2025-12-14 22:40:24, EXEC, v:1, k:poo@estacionamento, mode:FULL, rate:75, size:107
2025-12-14 22:43:36, EXEC, v:1, k:poo@estacionamento, mode:FULL, rate:75, size:107
2025-12-14 22:44:11, EXEC, v:1, k:poo@estacionamento, mode:FULL, rate:75, size:107
2025-12-14 22:46:03, EXEC, v:1, k:poo@estacionamento, mode:FULL, rate:100, size:104
2025-12-14 22:46:32, MOVE, v:1, k:poo@estacionamento, mode:BACK
