2025-12-10 10:24:41, MOVE, v:1, k:poo@estacionamento, mode:DOWN
2025-12-10 10:24:43, MOVE, v:1, k:poo@estacionamento, mode:PICK
2025-12-10 10:51:02, EXEC, v:1, k:poo@estacionamento, mode:FULL, rate:0, size:0
2025-12-10 10:51:05, MOVE, v:1, k:poo@estacionamento, mode:BACK
2025-12-10 10:51:13, MOVE, v:1, k:poo@pagamento, mode:PICK
2025-12-10 10:51:14, EXEC, v:1, k:poo@pagamento, mode:LOCK, rate:100
2025-12-10 10:51:18, EXEC, v:1, k:poo@pagamento, mode:FREE
2025-12-10 11:26:18, MOVE, v:1, k:poo@pagamento, mode:BACK
2025-12-10 11:26:30, MOVE, v:1, k:poo@estacionamento, mode:PICK
2025-12-10 11:26:31, EXEC, v:1, k:poo@estacionamento, mode:FULL, rate:0
2025-12-10 11:28:21, EXEC, v:1, k:poo@estacionamento, mode:FULL, rate:0, size:57
2025-12-10 11:37:30, EXEC, v:1, k:poo@estacionamento, mode:FULL, rate:0, size:57
2025-12-10 11:47:37, MOVE, v:1, k:poo@estacionamento, mode:BACK
2025-12-10 16:21:10, MOVE, v:1, k:poo@pagamento, mode:PICK
2025-12-10 16:51:39, EXEC, v:1, k:poo@pagamento, mode:LOCK, rate:100
2025-12-10 16:51:40, EXEC, v:1, k:poo@pagamento, mode:LOCK, rate:100
2025-12-10 16:51:41, EXEC, v:1, k:poo@pagamento, mode:FREE
2025-12-10 16:51:55, MOVE, v:1, k:poo@pagamento, mode:BACK
2025-12-10 16:52:03, MOVE, v:1, k:poo@zoo, mode:PICK
2025-12-10 16:52:05, EXEC, v:1, k:poo@zoo, mode:LOCK, rate:100, size:0
2025-12-10 16:52:06, EXEC, v:1, k:poo@zoo, mode:FREE
2025-12-10 16:52:21, MOVE, v:1, k:poo@zoo, mode:BACK
2025-12-10 16:56:19, MOVE, v:1, k:poo@zoo, mode:PICK
2025-12-10 16:56:20, EXEC, v:1, k:poo@zoo, mode:LOCK, rate:100
2025-12-10 16:56:21, EXEC, v:1, k:poo@zoo, mode:FREE
2025-12-10 16:56:38, MOVE, v:1, k:poo@zoo, mode:BACK
