2025-12-13 14:20:07, MOVE, v:1, k:poo@zoo, mode:PICK
2025-12-13 14:20:08, EXEC, v:1, k:poo@zoo, mode:LOCK, rate:100
2025-12-13 14:20:12, MOVE, v:1, k:poo@zoo, mode:BACK
2025-12-13 14:20:37, MOVE, v:1, k:poo@estacionamento, mode:PICK
2025-12-13 14:20:38, EXEC, v:1, k:poo@estacionamento, mode:FULL, rate:0
2025-12-13 14:29:33, EXEC, v:1, k:poo@estacionamento, mode:FULL, rate:0, size:80
2025-12-13 14:30:15, EXEC, v:1, k:poo@estacionamento, mode:FULL, rate:0, size:78
2025-12-13 14:30:39, EXEC, v:1, k:poo@estacionamento, mode:FULL, rate:0, size:78
2025-12-13 14:31:52, EXEC, v:1, k:poo@estacionamento, mode:FULL, rate:0, size:78
2025-12-13 14:34:36, EXEC, v:1, k:poo@estacionamento, mode:FULL, rate:0, size:82
2025-12-13 14:37:07, EXEC, v:1, k:poo@estacionamento, mode:FULL, rate:0, size:84
2025-12-13 14:38:40, EXEC, v:1, k:poo@estacionamento, mode:FULL, rate:0, size:84
2025-12-13 14:43:18, EXEC, v:1, k:poo@estacionamento, mode:FULL, rate:0, size:93
2025-12-13 14:44:17, EXEC, v:1, k:poo@estacionamento, mode:FULL, rate:0, size:93
2025-12-13 14:44:39, MOVE, v:1, k:poo@estacionamento, mode:PICK
2025-12-13 14:44:41, EXEC, v:1, k:poo@estacionamento, mode:FULL, rate:0
2025-12-13 15:06:35, EXEC, v:1, k:poo@estacionamento, mode:FULL, rate:0
2025-12-13 15:15:30, EXEC, v:1, k:poo@estacionamento, mode:FULL, rate:0, size:97
2025-12-13 15:15:50, EXEC, v:1, k:poo@estacionamento, mode:FULL, rate:0, size:97
2025-12-13 15:15:56, EXEC, v:1, k:poo@estacionamento, mode:FULL, rate:0
2025-12-13 15:16:03, EXEC, v:1, k:poo@estacionamento, mode:FULL, rate:0
2025-12-13 15:16:10, EXEC, v:1, k:poo@estacionamento, mode:FULL, rate:0, size:97
2025-12-13 15:16:18, EXEC, v:1, k:poo@estacionamento, mode:FULL, rate:0, size:97
2025-12-13 15:16:24, EXEC, v:1, k:poo@estacionamento, mode:FULL, rate:0, size:97
2025-12-13 15:16:31, EXEC, v:1, k:poo@estacionamento, mode:FULL, rate:0, size:97
2025-12-13 15:16:39, EXEC, v:1, k:poo@estacionamento, mode:FULL, rate:0, size:97
2025-12-13 15:17:17, EXEC, v:1, k:poo@estacionamento, mode:FULL, rate:0, size:97
2025-12-13 15:17:23, EXEC, v:1, k:poo@estacionamento, mode:FULL, rate:0
2025-12-13 15:17:30, EXEC, v:1, k:poo@estacionamento, mode:FULL, rate:0, size:97
2025-12-13 15:17:38, EXEC, v:1, k:poo@estacionamento, mode:FULL, rate:0, size:97
2025-12-13 15:17:54, EXEC, v:1, k:poo@estacionamento, mode:FULL, rate:0, size:97
2025-12-13 15:18:03, EXEC, v:1, k:poo@estacionamento, mode:FULL, rate:0, size:97
2025-12-13 15:18:13, EXEC, v:1, k:poo@estacionamento, mode:FULL, rate:0
2025-12-13 15:18:31, EXEC, v:1, k:poo@estacionamento, mode:FULL, rate:0, size:97
2025-12-13 15:18:40, EXEC, v:1, k:poo@estacionamento, mode:FULL, rate:0, size:97
2025-12-13 15:18:58, EXEC, v:1, k:poo@estacionamento, mode:FULL, rate:0, size:97
2025-12-13 15:19:08, EXEC, v:1, k:poo@estacionamento, mode:FULL, rate:0
2025-12-13 15:19:25, EXEC, v:1, k:poo@estacionamento, mode:FULL, rate:0
2025-12-13 15:19:46, MOVE, v:1, k:poo@estacionamento, mode:PICK
2025-12-13 15:19:47, EXEC, v:1, k:poo@estacionamento, mode:FULL, rate:0
2025-12-13 15:20:06, EXEC, v:1, k:poo@estacionamento, mode:FULL, rate:0, size:97
2025-12-13 15:20:14, EXEC, v:1, k:poo@estacionamento, mode:FULL, rate:0
2025-12-13 15:20:20, EXEC, v:1, k:poo@estacionamento, mode:FULL, rate:0, size:97
2025-12-13 15:20:28, EXEC, v:1, k:poo@estacionamento, mode:FULL, rate:0, size:97
2025-12-13 15:20:39, EXEC, v:1, k:poo@estacionamento, mode:FULL, rate:0, size:97
2025-12-13 15:20:50, EXEC, v:1, k:poo@estacionamento, mode:FULL, rate:0, size:97
2025-12-13 15:20:55, EXEC, v:1, k:poo@estacionamento, mode:FULL, rate:0
2025-12-13 15:21:00, EXEC, v:1, k:poo@estacionamento, mode:FULL, rate:0, size:97
2025-12-13 15:21:06, EXEC, v:1, k:poo@estacionamento, mode:FULL, rate:0, size:97
2025-12-13 15:21:13, EXEC, v:1, k:poo@estacionamento, mode:FULL, rate:0, size:97
2025-12-13 15:21:20, EXEC, v:1, k:poo@estacionamento, mode:FULL, rate:0
2025-12-13 15:21:24, EXEC, v:1, k:poo@estacionamento, mode:FULL, rate:0, size:97
2025-12-13 15:21:30, EXEC, v:1, k:poo@estacionamento, mode:FULL, rate:0, size:97
2025-12-13 15:21:38, EXEC, v:1, k:poo@estacionamento, mode:FULL, rate:0, size:97
2025-12-13 15:21:44, EXEC, v:1, k:poo@estacionamento, mode:FULL, rate:0, size:97
2025-12-13 15:22:02, EXEC, v:1, k:poo@estacionamento, mode:FULL, rate:0, size:97
2025-12-13 15:22:11, EXEC, v:1, k:poo@estacionamento, mode:FULL, rate:25, size:97
2025-12-13 15:23:09, EXEC, v:1, k:poo@estacionamento, mode:FULL, rate:25
2025-12-13 15:25:44, MOVE, v:1, k:poo@zoo, mode:PICK
2025-12-13 15:25:46, EXEC, v:1, k:poo@zoo, mode:LOCK, rate:100
2025-12-13 15:27:09, MOVE, v:1, k:poo@zoo, mode:BACK
2025-12-13 15:30:22, MOVE, v:1, k:poo@zoo, mode:PICK
2025-12-13 15:30:24, EXEC, v:1, k:poo@zoo, mode:LOCK, rate:100
